<?xml version="1.0" encoding="UTF-8"?>
<testng-results ignored="0" total="2" passed="2" failed="0" skipped="0">
  <reporter-output>
  </reporter-output>
  <suite started-at="2023-03-03T04:32:51Z" name="Nopcommerce - User" finished-at="2023-03-03T04:33:13Z" duration-ms="21408">
    <groups>
    </groups>
    <test started-at="2023-03-03T04:32:51Z" name="Run on Chrome" finished-at="2023-03-03T04:33:13Z" duration-ms="21408">
      <class name="com.nopcommerce.user.Level_20_Fake_Data">
        <test-method is-config="true" signature="initBeforeSuite()[pri:0, instance:com.nopcommerce.user.Level_20_Fake_Data@4b6ac111]" started-at="2023-03-03T04:32:51Z" name="initBeforeSuite" finished-at="2023-03-03T04:32:51Z" duration-ms="60" status="PASS">
          <reporter-output>
          </reporter-output>
        </test-method> <!-- initBeforeSuite -->
        <test-method is-config="true" signature="beforeClass(java.lang.String)[pri:0, instance:com.nopcommerce.user.Level_20_Fake_Data@4b6ac111]" started-at="2023-03-03T04:32:51Z" name="beforeClass" finished-at="2023-03-03T04:33:02Z" duration-ms="10755" status="PASS">
          <params>
            <param index="0">
              <value>
                <![CDATA[FIREFOX]]>
              </value>
            </param>
          </params>
          <reporter-output>
          </reporter-output>
        </test-method> <!-- beforeClass -->
        <test-method signature="User_01_Register(java.lang.reflect.Method)[pri:0, instance:com.nopcommerce.user.Level_20_Fake_Data@4b6ac111]" started-at="2023-03-03T04:33:02Z" name="User_01_Register" finished-at="2023-03-03T04:33:08Z" duration-ms="6076" status="PASS">
          <params>
            <param index="0">
              <value>
                <![CDATA[public void com.nopcommerce.user.Level_20_Fake_Data.User_01_Register(java.lang.reflect.Method)]]>
              </value>
            </param>
          </params>
          <reporter-output>
          </reporter-output>
        </test-method> <!-- User_01_Register -->
        <test-method signature="User_02_Login(java.lang.reflect.Method)[pri:0, instance:com.nopcommerce.user.Level_20_Fake_Data@4b6ac111]" started-at="2023-03-03T04:33:09Z" name="User_02_Login" finished-at="2023-03-03T04:33:11Z" duration-ms="2591" status="PASS">
          <params>
            <param index="0">
              <value>
                <![CDATA[public void com.nopcommerce.user.Level_20_Fake_Data.User_02_Login(java.lang.reflect.Method)]]>
              </value>
            </param>
          </params>
          <reporter-output>
          </reporter-output>
        </test-method> <!-- User_02_Login -->
        <test-method is-config="true" signature="afterClass()[pri:0, instance:com.nopcommerce.user.Level_20_Fake_Data@4b6ac111]" started-at="2023-03-03T04:33:11Z" name="afterClass" finished-at="2023-03-03T04:33:13Z" duration-ms="1462" status="PASS">
          <reporter-output>
          </reporter-output>
        </test-method> <!-- afterClass -->
      </class> <!-- com.nopcommerce.user.Level_20_Fake_Data -->
    </test> <!-- Run on Chrome -->
  </suite> <!-- Nopcommerce - User -->
</testng-results>
